#
# An unexpected error has occurred (11)
#
Stack:
/lib/x86_64-linux-gnu/libc.so.6(+0x42520) [0x7f6f99842520]
/doc/Xilinx/Vivado/2023.2/lib/lnx64.o/librdi_synth.so(HARTGLAddGen::regenerate(bool)+0x4e1) [0x7f6f6424a801]
/doc/Xilinx/Vivado/2023.2/lib/lnx64.o/librdi_synth.so(GLAdd::GLAdd(NRealMod, DFGraph*, bool)+0x56) [0x7f6f6508da16]
/doc/Xilinx/Vivado/2023.2/lib/lnx64.o/librdi_synth.so(HSynMod::createNonModGraph(DFNode*, bool)+0x406) [0x7f6f64f9a9c6]
/doc/Xilinx/Vivado/2023.2/lib/lnx64.o/librdi_synth.so(HSynMod::connectGraph(DFNode*)+0xa6) [0x7f6f64fab4c6]
/doc/Xilinx/Vivado/2023.2/lib/lnx64.o/librdi_synth.so(HSynMod::connectInputPin(SPinArray*, DFPin*)+0x37b) [0x7f6f64faa30b]
/doc/Xilinx/Vivado/2023.2/lib/lnx64.o/librdi_synth.so(HSynMod::connectGraph(DFNode*)+0x78) [0x7f6f64fab498]
/doc/Xilinx/Vivado/2023.2/lib/lnx64.o/librdi_synth.so(HSynMod::connectInputPin(SPinArray*, DFPin*)+0x37b) [0x7f6f64faa30b]
/doc/Xilinx/Vivado/2023.2/lib/lnx64.o/librdi_synth.so(HSynMod::connectWire(DFNode*)+0x103) [0x7f6f64fa9c53]
/doc/Xilinx/Vivado/2023.2/lib/lnx64.o/librdi_synth.so(HSynMod::connectInputPin(SPinArray*, DFPin*)+0x2a0) [0x7f6f64faa230]
/doc/Xilinx/Vivado/2023.2/lib/lnx64.o/librdi_synth.so(HSynMod::connectGraph(DFNode*)+0x78) [0x7f6f64fab498]
/doc/Xilinx/Vivado/2023.2/lib/lnx64.o/librdi_synth.so(HSynMod::connectInputPin(SPinArray*, DFPin*)+0x37b) [0x7f6f64faa30b]
/doc/Xilinx/Vivado/2023.2/lib/lnx64.o/librdi_synth.so(HSynMod::connectNets()+0x74) [0x7f6f64fabd44]
/doc/Xilinx/Vivado/2023.2/lib/lnx64.o/librdi_synth.so(HSynMod::regenerate(bool)+0x24) [0x7f6f64fa4f44]
/doc/Xilinx/Vivado/2023.2/lib/lnx64.o/librdi_synth.so(GSyn::generateFpga(NRealMod, bool)+0x4f2) [0x7f6f64afa9b2]
/doc/Xilinx/Vivado/2023.2/lib/lnx64.o/librdi_synth.so(GSyn::generate(NRealMod, bool)+0x2cb) [0x7f6f64afb39b]
/doc/Xilinx/Vivado/2023.2/lib/lnx64.o/librdi_synth.so(NRealMod::regenerate(bool)+0x27) [0x7f6f64afb5a7]
/doc/Xilinx/Vivado/2023.2/lib/lnx64.o/librdi_synth.so(HARTNDb::HARTMergeResynPartitionsR(NRealMod, HARTNDb::MergePhase, bool)+0x2557) [0x7f6f63e42007]
/doc/Xilinx/Vivado/2023.2/lib/lnx64.o/librdi_synth.so(HARTNDb::HARTMergeResynPartitionsR(NRealMod, HARTNDb::MergePhase, bool)+0xca8) [0x7f6f63e40758]
/doc/Xilinx/Vivado/2023.2/lib/lnx64.o/librdi_synth.so(HARTNDb::HARTMergeResynPartitionsR(NRealMod, HARTNDb::MergePhase, bool)+0xca8) [0x7f6f63e40758]
/doc/Xilinx/Vivado/2023.2/lib/lnx64.o/librdi_synth.so(HARTNDb::HARTMergeResynPartitionsR(NRealMod, HARTNDb::MergePhase, bool)+0xca8) [0x7f6f63e40758]
/doc/Xilinx/Vivado/2023.2/lib/lnx64.o/librdi_synth.so(HARTNDb::HARTMergeResynPartitionsR(NRealMod, HARTNDb::MergePhase, bool)+0xca8) [0x7f6f63e40758]
/doc/Xilinx/Vivado/2023.2/lib/lnx64.o/librdi_synth.so(HARTNDb::HARTMergeResynPartitionsR(NRealMod, HARTNDb::MergePhase, bool)+0xca8) [0x7f6f63e40758]
/doc/Xilinx/Vivado/2023.2/lib/lnx64.o/librdi_synth.so(HARTNDb::HARTMergeResynPartitions(NRealMod, HARTNDb::MergePhase, bool)+0x178) [0x7f6f63e43008]
/doc/Xilinx/Vivado/2023.2/lib/lnx64.o/librdi_synth.so(HARTNDb::reSynthReInfer(bool)+0xe2) [0x7f6f63e43222]
/doc/Xilinx/Vivado/2023.2/lib/lnx64.o/librdi_synth.so(+0x13dae73) [0x7f6f63fdae73]
/doc/Xilinx/Vivado/2023.2/lib/lnx64.o/librdi_synth.so(+0x1321b35) [0x7f6f63f21b35]
/doc/Xilinx/Vivado/2023.2/lib/lnx64.o/libtcl8.5.so(+0x3356f) [0x7f6f9543356f]
/doc/Xilinx/Vivado/2023.2/lib/lnx64.o/libtcl8.5.so(+0x34bf8) [0x7f6f95434bf8]
/doc/Xilinx/Vivado/2023.2/lib/lnx64.o/libtcl8.5.so(Tcl_EvalEx+0x13) [0x7f6f95435163]
/doc/Xilinx/Vivado/2023.2/lib/lnx64.o/libtcl8.5.so(TclEvalObjEx+0x1e0) [0x7f6f95435380]
/doc/Xilinx/Vivado/2023.2/lib/lnx64.o/libtcl8.5.so(+0x3b445) [0x7f6f9543b445]
/doc/Xilinx/Vivado/2023.2/lib/lnx64.o/libtcl8.5.so(+0x3356f) [0x7f6f9543356f]
/doc/Xilinx/Vivado/2023.2/lib/lnx64.o/libtcl8.5.so(+0x76945) [0x7f6f95476945]
/doc/Xilinx/Vivado/2023.2/lib/lnx64.o/libtcl8.5.so(+0x7e0f9) [0x7f6f9547e0f9]
/doc/Xilinx/Vivado/2023.2/lib/lnx64.o/libtcl8.5.so(TclEvalObjEx+0x76) [0x7f6f95435216]
/doc/Xilinx/Vivado/2023.2/lib/lnx64.o/librdi_commontasks.so(+0x261fb1) [0x7f6f8dc61fb1]
/doc/Xilinx/Vivado/2023.2/lib/lnx64.o/libtcl8.5.so(+0x3356f) [0x7f6f9543356f]
/doc/Xilinx/Vivado/2023.2/lib/lnx64.o/libtcl8.5.so(+0x76945) [0x7f6f95476945]
/doc/Xilinx/Vivado/2023.2/lib/lnx64.o/libtcl8.5.so(TclObjInterpProcCore+0x420) [0x7f6f954b7ed0]
/doc/Xilinx/Vivado/2023.2/lib/lnx64.o/libtcl8.5.so(+0x3356f) [0x7f6f9543356f]
/doc/Xilinx/Vivado/2023.2/lib/lnx64.o/libtcl8.5.so(+0x76945) [0x7f6f95476945]
/doc/Xilinx/Vivado/2023.2/lib/lnx64.o/libtcl8.5.so(+0x7e0f9) [0x7f6f9547e0f9]
/doc/Xilinx/Vivado/2023.2/lib/lnx64.o/libtcl8.5.so(TclEvalObjEx+0x76) [0x7f6f95435216]
/doc/Xilinx/Vivado/2023.2/lib/lnx64.o/libtcl8.5.so(+0x3e824) [0x7f6f9543e824]
/doc/Xilinx/Vivado/2023.2/lib/lnx64.o/libtcl8.5.so(+0x3356f) [0x7f6f9543356f]
/doc/Xilinx/Vivado/2023.2/lib/lnx64.o/libtcl8.5.so(+0x76945) [0x7f6f95476945]
/doc/Xilinx/Vivado/2023.2/lib/lnx64.o/libtcl8.5.so(+0x7e0f9) [0x7f6f9547e0f9]
/doc/Xilinx/Vivado/2023.2/lib/lnx64.o/libtcl8.5.so(TclEvalObjEx+0x76) [0x7f6f95435216]
/doc/Xilinx/Vivado/2023.2/lib/lnx64.o/libtcl8.5.so(+0x3e824) [0x7f6f9543e824]
/doc/Xilinx/Vivado/2023.2/lib/lnx64.o/libtcl8.5.so(+0x3356f) [0x7f6f9543356f]
/doc/Xilinx/Vivado/2023.2/lib/lnx64.o/libtcl8.5.so(+0x76945) [0x7f6f95476945]
/doc/Xilinx/Vivado/2023.2/lib/lnx64.o/libtcl8.5.so(TclObjInterpProcCore+0x420) [0x7f6f954b7ed0]
/doc/Xilinx/Vivado/2023.2/lib/lnx64.o/libtcl8.5.so(+0x3356f) [0x7f6f9543356f]
/doc/Xilinx/Vivado/2023.2/lib/lnx64.o/libtcl8.5.so(+0x76945) [0x7f6f95476945]
/doc/Xilinx/Vivado/2023.2/lib/lnx64.o/libtcl8.5.so(+0x7e0f9) [0x7f6f9547e0f9]
/doc/Xilinx/Vivado/2023.2/lib/lnx64.o/libtcl8.5.so(TclEvalObjEx+0x76) [0x7f6f95435216]
/doc/Xilinx/Vivado/2023.2/lib/lnx64.o/libtcl8.5.so(+0x3e824) [0x7f6f9543e824]
/doc/Xilinx/Vivado/2023.2/lib/lnx64.o/libtcl8.5.so(+0x3356f) [0x7f6f9543356f]
/doc/Xilinx/Vivado/2023.2/lib/lnx64.o/libtcl8.5.so(+0x76945) [0x7f6f95476945]
/doc/Xilinx/Vivado/2023.2/lib/lnx64.o/libtcl8.5.so(TclObjInterpProcCore+0x420) [0x7f6f954b7ed0]
/doc/Xilinx/Vivado/2023.2/lib/lnx64.o/libtcl8.5.so(+0x3356f) [0x7f6f9543356f]
/doc/Xilinx/Vivado/2023.2/lib/lnx64.o/libtcl8.5.so(+0x76945) [0x7f6f95476945]
/doc/Xilinx/Vivado/2023.2/lib/lnx64.o/libtcl8.5.so(TclObjInterpProcCore+0x420) [0x7f6f954b7ed0]
/doc/Xilinx/Vivado/2023.2/lib/lnx64.o/libtcl8.5.so(+0x3356f) [0x7f6f9543356f]
/doc/Xilinx/Vivado/2023.2/lib/lnx64.o/libtcl8.5.so(+0x76945) [0x7f6f95476945]
/doc/Xilinx/Vivado/2023.2/lib/lnx64.o/libtcl8.5.so(+0x7e0f9) [0x7f6f9547e0f9]
/doc/Xilinx/Vivado/2023.2/lib/lnx64.o/libtcl8.5.so(TclEvalObjEx+0x76) [0x7f6f95435216]
/doc/Xilinx/Vivado/2023.2/lib/lnx64.o/librdi_common.so(hdi::tcltasks::task_manager::eval_in_tcl(Tcl_Interp*, Tcl_Obj*, char const*, bool)+0x74d) [0x7f6f9b17be1d]
/doc/Xilinx/Vivado/2023.2/lib/lnx64.o/librdi_common.so(hdi::tcltasks::task_manager::eval_in_tcl(Tcl_Interp*, char const*, char const*, bool)+0xda) [0x7f6f9b17c3ca]
/doc/Xilinx/Vivado/2023.2/lib/lnx64.o/librdi_synth.so(HARTNDb::processGenomesSequentially(bool, char const*, char const*)+0xbce) [0x7f6f63ea8e8e]
/doc/Xilinx/Vivado/2023.2/lib/lnx64.o/librdi_synth.so(+0x13c1aa8) [0x7f6f63fc1aa8]
/doc/Xilinx/Vivado/2023.2/lib/lnx64.o/librdi_synth.so(+0x1321b35) [0x7f6f63f21b35]
/doc/Xilinx/Vivado/2023.2/lib/lnx64.o/libtcl8.5.so(+0x3356f) [0x7f6f9543356f]
/doc/Xilinx/Vivado/2023.2/lib/lnx64.o/libtcl8.5.so(+0x34bf8) [0x7f6f95434bf8]
/doc/Xilinx/Vivado/2023.2/lib/lnx64.o/libtcl8.5.so(Tcl_EvalEx+0x13) [0x7f6f95435163]
/doc/Xilinx/Vivado/2023.2/lib/lnx64.o/libtcl8.5.so(TclEvalObjEx+0x1e0) [0x7f6f95435380]
/doc/Xilinx/Vivado/2023.2/lib/lnx64.o/libtcl8.5.so(+0x3b445) [0x7f6f9543b445]
/doc/Xilinx/Vivado/2023.2/lib/lnx64.o/libtcl8.5.so(+0x3356f) [0x7f6f9543356f]
/doc/Xilinx/Vivado/2023.2/lib/lnx64.o/libtcl8.5.so(+0x76945) [0x7f6f95476945]
/doc/Xilinx/Vivado/2023.2/lib/lnx64.o/libtcl8.5.so(+0x7e0f9) [0x7f6f9547e0f9]
/doc/Xilinx/Vivado/2023.2/lib/lnx64.o/libtcl8.5.so(TclEvalObjEx+0x76) [0x7f6f95435216]
/doc/Xilinx/Vivado/2023.2/lib/lnx64.o/librdi_commontasks.so(+0x261fb1) [0x7f6f8dc61fb1]
/doc/Xilinx/Vivado/2023.2/lib/lnx64.o/libtcl8.5.so(+0x3356f) [0x7f6f9543356f]
/doc/Xilinx/Vivado/2023.2/lib/lnx64.o/libtcl8.5.so(+0x76945) [0x7f6f95476945]
/doc/Xilinx/Vivado/2023.2/lib/lnx64.o/libtcl8.5.so(TclObjInterpProcCore+0x420) [0x7f6f954b7ed0]
/doc/Xilinx/Vivado/2023.2/lib/lnx64.o/libtcl8.5.so(+0x3356f) [0x7f6f9543356f]
/doc/Xilinx/Vivado/2023.2/lib/lnx64.o/libtcl8.5.so(+0x76945) [0x7f6f95476945]
/doc/Xilinx/Vivado/2023.2/lib/lnx64.o/libtcl8.5.so(+0x7e0f9) [0x7f6f9547e0f9]
/doc/Xilinx/Vivado/2023.2/lib/lnx64.o/libtcl8.5.so(TclEvalObjEx+0x76) [0x7f6f95435216]
/doc/Xilinx/Vivado/2023.2/lib/lnx64.o/libtcl8.5.so(+0x3e824) [0x7f6f9543e824]
/doc/Xilinx/Vivado/2023.2/lib/lnx64.o/libtcl8.5.so(+0x3356f) [0x7f6f9543356f]
/doc/Xilinx/Vivado/2023.2/lib/lnx64.o/libtcl8.5.so(+0x76945) [0x7f6f95476945]
/doc/Xilinx/Vivado/2023.2/lib/lnx64.o/libtcl8.5.so(TclObjInterpProcCore+0x420) [0x7f6f954b7ed0]
/doc/Xilinx/Vivado/2023.2/lib/lnx64.o/libtcl8.5.so(+0x3356f) [0x7f6f9543356f]
/doc/Xilinx/Vivado/2023.2/lib/lnx64.o/libtcl8.5.so(+0x76945) [0x7f6f95476945]
/doc/Xilinx/Vivado/2023.2/lib/lnx64.o/libtcl8.5.so(+0x7e0f9) [0x7f6f9547e0f9]
/doc/Xilinx/Vivado/2023.2/lib/lnx64.o/libtcl8.5.so(TclEvalObjEx+0x76) [0x7f6f95435216]
/doc/Xilinx/Vivado/2023.2/lib/lnx64.o/libtcl8.5.so(+0x3e777) [0x7f6f9543e777]
/doc/Xilinx/Vivado/2023.2/lib/lnx64.o/libtcl8.5.so(+0x3356f) [0x7f6f9543356f]
/doc/Xilinx/Vivado/2023.2/lib/lnx64.o/libtcl8.5.so(+0x76945) [0x7f6f95476945]
/doc/Xilinx/Vivado/2023.2/lib/lnx64.o/libtcl8.5.so(TclObjInterpProcCore+0x420) [0x7f6f954b7ed0]
/doc/Xilinx/Vivado/2023.2/lib/lnx64.o/libtcl8.5.so(+0x3356f) [0x7f6f9543356f]
/doc/Xilinx/Vivado/2023.2/lib/lnx64.o/libtcl8.5.so(+0x76945) [0x7f6f95476945]
/doc/Xilinx/Vivado/2023.2/lib/lnx64.o/libtcl8.5.so(+0x7e0f9) [0x7f6f9547e0f9]
/doc/Xilinx/Vivado/2023.2/lib/lnx64.o/libtcl8.5.so(TclEvalObjEx+0x76) [0x7f6f95435216]
/doc/Xilinx/Vivado/2023.2/lib/lnx64.o/libtcl8.5.so(+0x3e824) [0x7f6f9543e824]
/doc/Xilinx/Vivado/2023.2/lib/lnx64.o/libtcl8.5.so(+0x3356f) [0x7f6f9543356f]
/doc/Xilinx/Vivado/2023.2/lib/lnx64.o/libtcl8.5.so(+0x76945) [0x7f6f95476945]
/doc/Xilinx/Vivado/2023.2/lib/lnx64.o/libtcl8.5.so(+0x7e0f9) [0x7f6f9547e0f9]
/doc/Xilinx/Vivado/2023.2/lib/lnx64.o/libtcl8.5.so(TclEvalObjEx+0x76) [0x7f6f95435216]
/doc/Xilinx/Vivado/2023.2/lib/lnx64.o/librdi_commontasks.so(+0x261fb1) [0x7f6f8dc61fb1]
/doc/Xilinx/Vivado/2023.2/lib/lnx64.o/libtcl8.5.so(+0x3356f) [0x7f6f9543356f]
/doc/Xilinx/Vivado/2023.2/lib/lnx64.o/libtcl8.5.so(+0x76945) [0x7f6f95476945]
/doc/Xilinx/Vivado/2023.2/lib/lnx64.o/libtcl8.5.so(Tcl_ExprObj+0xf8) [0x7f6f9547dcd8]
/doc/Xilinx/Vivado/2023.2/lib/lnx64.o/libtcl8.5.so(Tcl_ExprBooleanObj+0x16) [0x7f6f95433f56]
/doc/Xilinx/Vivado/2023.2/lib/lnx64.o/libtcl8.5.so(+0x3e7ae) [0x7f6f9543e7ae]
/doc/Xilinx/Vivado/2023.2/lib/lnx64.o/libtcl8.5.so(+0x3356f) [0x7f6f9543356f]
/doc/Xilinx/Vivado/2023.2/lib/lnx64.o/libtcl8.5.so(+0x34bf8) [0x7f6f95434bf8]
/doc/Xilinx/Vivado/2023.2/lib/lnx64.o/libtcl8.5.so(Tcl_EvalEx+0x13) [0x7f6f95435163]
/doc/Xilinx/Vivado/2023.2/lib/lnx64.o/libtcl8.5.so(Tcl_FSEvalFileEx+0x1da) [0x7f6f95499d2a]
/doc/Xilinx/Vivado/2023.2/lib/lnx64.o/librdi_commontasks.so(+0x27e220) [0x7f6f8dc7e220]
/doc/Xilinx/Vivado/2023.2/lib/lnx64.o/librdi_common.so(+0xd7d9bf) [0x7f6f9b17d9bf]
/doc/Xilinx/Vivado/2023.2/lib/lnx64.o/libtcl8.5.so(+0x3356f) [0x7f6f9543356f]
/doc/Xilinx/Vivado/2023.2/lib/lnx64.o/libtcl8.5.so(+0x76945) [0x7f6f95476945]
/doc/Xilinx/Vivado/2023.2/lib/lnx64.o/libtcl8.5.so(+0x7e0f9) [0x7f6f9547e0f9]
/doc/Xilinx/Vivado/2023.2/lib/lnx64.o/libtcl8.5.so(TclEvalObjEx+0x76) [0x7f6f95435216]
/doc/Xilinx/Vivado/2023.2/lib/lnx64.o/libtcl8.5.so(+0xb7637) [0x7f6f954b7637]
/doc/Xilinx/Vivado/2023.2/lib/lnx64.o/libtcl8.5.so(+0x3356f) [0x7f6f9543356f]
/doc/Xilinx/Vivado/2023.2/lib/lnx64.o/libtcl8.5.so(+0x76945) [0x7f6f95476945]
/doc/Xilinx/Vivado/2023.2/lib/lnx64.o/libtcl8.5.so(+0x7e0f9) [0x7f6f9547e0f9]
/doc/Xilinx/Vivado/2023.2/lib/lnx64.o/libtcl8.5.so(TclEvalObjEx+0x76) [0x7f6f95435216]
/doc/Xilinx/Vivado/2023.2/lib/lnx64.o/librdi_commontasks.so(+0x261f0e) [0x7f6f8dc61f0e]
/doc/Xilinx/Vivado/2023.2/lib/lnx64.o/libtcl8.5.so(+0x3356f) [0x7f6f9543356f]
/doc/Xilinx/Vivado/2023.2/lib/lnx64.o/libtcl8.5.so(+0x34bf8) [0x7f6f95434bf8]
/doc/Xilinx/Vivado/2023.2/lib/lnx64.o/libtcl8.5.so(+0xad566) [0x7f6f954ad566]
/doc/Xilinx/Vivado/2023.2/lib/lnx64.o/libtcl8.5.so(+0x34785) [0x7f6f95434785]
/doc/Xilinx/Vivado/2023.2/lib/lnx64.o/libtcl8.5.so(Tcl_EvalEx+0x13) [0x7f6f95435163]
/doc/Xilinx/Vivado/2023.2/lib/lnx64.o/libtcl8.5.so(Tcl_FSEvalFileEx+0x1da) [0x7f6f95499d2a]
/doc/Xilinx/Vivado/2023.2/lib/lnx64.o/librdi_commontasks.so(+0x27e220) [0x7f6f8dc7e220]
/doc/Xilinx/Vivado/2023.2/lib/lnx64.o/librdi_common.so(+0xd7d9bf) [0x7f6f9b17d9bf]
/doc/Xilinx/Vivado/2023.2/lib/lnx64.o/libtcl8.5.so(+0x3356f) [0x7f6f9543356f]
/doc/Xilinx/Vivado/2023.2/lib/lnx64.o/libtcl8.5.so(Tcl_EvalObjv+0x32) [0x7f6f954336a2]
/doc/Xilinx/Vivado/2023.2/lib/lnx64.o/libtcl8.5.so(TclEvalObjEx+0x322) [0x7f6f954354c2]
/doc/Xilinx/Vivado/2023.2/lib/lnx64.o/librdi_common.so(hdi::tcltasks::task_manager::eval_in_tcl(Tcl_Interp*, Tcl_Obj*, char const*, bool)+0x74d) [0x7f6f9b17be1d]
/doc/Xilinx/Vivado/2023.2/lib/lnx64.o/librdi_designutils.so(HRTInvoker::inProcessLaunch(HDGUIStatus&)+0x310) [0x7f6f83a24380]
/doc/Xilinx/Vivado/2023.2/lib/lnx64.o/librdi_designutils.so(HRTInvoker::launch(HDGUIStatus&)+0x33) [0x7f6f83a24933]
/doc/Xilinx/Vivado/2023.2/lib/lnx64.o/librdi_vivadotasks.so(+0x70211c) [0x7f6f5d70211c]
/doc/Xilinx/Vivado/2023.2/lib/lnx64.o/librdi_vivadotasks.so(+0x70b832) [0x7f6f5d70b832]
/doc/Xilinx/Vivado/2023.2/lib/lnx64.o/librdi_common.so(+0xd7d9bf) [0x7f6f9b17d9bf]
/doc/Xilinx/Vivado/2023.2/lib/lnx64.o/libtcl8.5.so(+0x3356f) [0x7f6f9543356f]
/doc/Xilinx/Vivado/2023.2/lib/lnx64.o/libtcl8.5.so(+0x34bf8) [0x7f6f95434bf8]
/doc/Xilinx/Vivado/2023.2/lib/lnx64.o/libtcl8.5.so(Tcl_EvalEx+0x13) [0x7f6f95435163]
/doc/Xilinx/Vivado/2023.2/lib/lnx64.o/libtcl8.5.so(Tcl_FSEvalFileEx+0x1da) [0x7f6f95499d2a]
/doc/Xilinx/Vivado/2023.2/lib/lnx64.o/librdi_commontasks.so(+0x27e220) [0x7f6f8dc7e220]
/doc/Xilinx/Vivado/2023.2/lib/lnx64.o/librdi_common.so(+0xd7d9bf) [0x7f6f9b17d9bf]
/doc/Xilinx/Vivado/2023.2/lib/lnx64.o/libtcl8.5.so(+0x3356f) [0x7f6f9543356f]
/doc/Xilinx/Vivado/2023.2/lib/lnx64.o/libtcl8.5.so(Tcl_EvalObjv+0x32) [0x7f6f954336a2]
/doc/Xilinx/Vivado/2023.2/lib/lnx64.o/libtcl8.5.so(TclEvalObjEx+0x322) [0x7f6f954354c2]
/doc/Xilinx/Vivado/2023.2/lib/lnx64.o/librdi_commontasks.so(+0x2c5b6d) [0x7f6f8dcc5b6d]
/doc/Xilinx/Vivado/2023.2/lib/lnx64.o/librdi_commontasks.so(+0x2c717f) [0x7f6f8dcc717f]
/doc/Xilinx/Vivado/2023.2/lib/lnx64.o/librdi_common.so(+0xd7d9bf) [0x7f6f9b17d9bf]
/doc/Xilinx/Vivado/2023.2/lib/lnx64.o/libtcl8.5.so(+0x3356f) [0x7f6f9543356f]
/doc/Xilinx/Vivado/2023.2/lib/lnx64.o/libtcl8.5.so(Tcl_EvalObjv+0x32) [0x7f6f954336a2]
/doc/Xilinx/Vivado/2023.2/lib/lnx64.o/libtcl8.5.so(TclEvalObjEx+0x322) [0x7f6f954354c2]
/doc/Xilinx/Vivado/2023.2/lib/lnx64.o/librdi_commonmain.so(+0xe752) [0x7f6f9b9f3752]
/doc/Xilinx/Vivado/2023.2/lib/lnx64.o/libtcl8.5.so(Tcl_Main+0x1d0) [0x7f6f954a02f0]
/doc/Xilinx/Vivado/2023.2/lib/lnx64.o/librdi_common.so(+0xda6f7b) [0x7f6f9b1a6f7b]
/lib/x86_64-linux-gnu/libc.so.6(+0x94b43) [0x7f6f99894b43]
/lib/x86_64-linux-gnu/libc.so.6(+0x126a00) [0x7f6f99926a00]
