#
# An unexpected error has occurred (11)
#
Stack:
/lib/x86_64-linux-gnu/libc.so.6(+0x42520) [0x7f53aa842520]
/doc/Xilinx2024.2/Vivado/2024.1/lib/lnx64.o/librdi_synth.so(HARTTUpdateTNInstC::updateCell(bool, bool)+0x371) [0x7f5371730cc1]
/doc/Xilinx2024.2/Vivado/2024.1/lib/lnx64.o/librdi_synth.so(NBaseModC::newInstance(NRefC*, UString const&)+0x1e0) [0x7f5372cd8ce0]
/doc/Xilinx2024.2/Vivado/2024.1/lib/lnx64.o/librdi_synth.so(HARTNlOptNetlist::convertToLibraryPrimitives(std::vector<NInst, std::allocator<NInst> >&)+0x24f) [0x7f537203a76f]
/doc/Xilinx2024.2/Vivado/2024.1/lib/lnx64.o/librdi_synth.so(HARTNlOptNetlist::convertToRealLutsOrToLibraryPrimitives(std::vector<NInst, std::allocator<NInst> >&)+0x1e8) [0x7f537203ad88]
/doc/Xilinx2024.2/Vivado/2024.1/lib/lnx64.o/librdi_synth.so(HARTNlOptNetlist::convertToRealLutsOrToLibraryPrimitives()+0xb1) [0x7f537203aeb1]
/doc/Xilinx2024.2/Vivado/2024.1/lib/lnx64.o/librdi_synth.so(HARTNlOptimizeFrameWork::_convertToPrimitivesAndEstimate1(Cudd&, int, int, bool, bool)+0x367) [0x7f5371f95a57]
/doc/Xilinx2024.2/Vivado/2024.1/lib/lnx64.o/librdi_synth.so(HARTNlOptimizeFrameWork::_algEliminate_weight(int, int, bool, int)+0x729) [0x7f5371f98e49]
/doc/Xilinx2024.2/Vivado/2024.1/lib/lnx64.o/librdi_synth.so(HARTNlOptimizeFrameWork::_run_1_alg_basic(int, bool)+0x53) [0x7f5371f7f523]
/doc/Xilinx2024.2/Vivado/2024.1/lib/lnx64.o/librdi_synth.so(HARTNlOptimizeFrameWork::_runNalgorithms(bool)+0x302) [0x7f5371fab1e2]
/doc/Xilinx2024.2/Vivado/2024.1/lib/lnx64.o/librdi_synth.so(HARTNlOptimizeFrameWork::optimize(int&)+0x1d8) [0x7f5371fac828]
/doc/Xilinx2024.2/Vivado/2024.1/lib/lnx64.o/librdi_synth.so(HARTNlOptimize::modOptimize(NRealMod, char const*, NInstC*)+0x179) [0x7f53720b2819]
/doc/Xilinx2024.2/Vivado/2024.1/lib/lnx64.o/librdi_synth.so(HARTNlOptimize::optimizeRecurse(NRealMod, char const*, NInstC*)+0xa1) [0x7f53720b34b1]
/doc/Xilinx2024.2/Vivado/2024.1/lib/lnx64.o/librdi_synth.so(HARTNlOptimize::optimizeTop(char const*, NInstC*)+0x338) [0x7f53720b3878]
/doc/Xilinx2024.2/Vivado/2024.1/lib/lnx64.o/librdi_synth.so(HARTLOptAbc::runNlOpt(LOptAbc*, NTargetLib&, UList<NInstC*, UListNode<NInstC*>, NInstC*, UEValue<NInstC*, UListNode<NInstC*> > >&, UHashMapList<NPinC*, int, NPinC*, UEKey<NPinC*> >&, int&, int&, std::vector<int, std::allocator<int> > const&, _IO_FILE*, _IO_FILE*)+0x50f) [0x7f5371ec544f]
/doc/Xilinx2024.2/Vivado/2024.1/lib/lnx64.o/librdi_synth.so(LOptAbc::doOpt(NRealMod, bool, bool, bool, TTime, long long&, TTime&, NPin&, bool&, int&, int&)+0x115a) [0x7f53728bff6a]
/doc/Xilinx2024.2/Vivado/2024.1/lib/lnx64.o/librdi_synth.so(HARTLOptAbc::doOpt(NRealMod, bool, bool, bool, TTime, long long&, TTime&, NPin&, bool&, int&, int&)+0x203) [0x7f5371ec70b3]
/doc/Xilinx2024.2/Vivado/2024.1/lib/lnx64.o/librdi_synth.so(LOptAbc::optimize(NRealMod, bool, bool, bool, TTime, TTime&, bool&, int&, int&)+0xad) [0x7f53728bafdd]
/doc/Xilinx2024.2/Vivado/2024.1/lib/lnx64.o/librdi_synth.so(NDes::optimizeLogic(bool, bool, bool, bool, TTime&, bool&)+0x333) [0x7f53728c4e73]
/doc/Xilinx2024.2/Vivado/2024.1/lib/lnx64.o/librdi_synth.so(Optimize1::optimize(OptActions, NEqPinArray)+0x639) [0x7f53728d9049]
/doc/Xilinx2024.2/Vivado/2024.1/lib/lnx64.o/librdi_synth.so(Optimize1::Optimize1(NDes, bool, bool, bool, bool, OptActions, NEqPinArray)+0xc1) [0x7f53728da7a1]
/doc/Xilinx2024.2/Vivado/2024.1/lib/lnx64.o/librdi_synth.so(Optimize2::areaOpt(bool, bool, bool, bool)+0x3f) [0x7f53728deebf]
/doc/Xilinx2024.2/Vivado/2024.1/lib/lnx64.o/librdi_synth.so(Optimize2::Optimize2(NDes, bool, bool, bool, bool, bool, float, TTime, bool, bool)+0x1236) [0x7f5372902ee6]
/doc/Xilinx2024.2/Vivado/2024.1/lib/lnx64.o/librdi_synth.so(NDes::optimize(bool, bool, bool, bool, bool, float, TTime, bool, bool)+0x15a) [0x7f53728d2cca]
/doc/Xilinx2024.2/Vivado/2024.1/lib/lnx64.o/librdi_synth.so(+0x1455d36) [0x7f5371855d36]
/doc/Xilinx2024.2/Vivado/2024.1/lib/lnx64.o/librdi_synth.so(+0x13623e5) [0x7f53717623e5]
/doc/Xilinx2024.2/Vivado/2024.1/lib/lnx64.o/libtcl8.6.so(TclNRRunCallbacks+0x47) [0x7f53aaa84497]
/doc/Xilinx2024.2/Vivado/2024.1/lib/lnx64.o/librdi_commontasks.so(+0x25c6d1) [0x7f539fa5c6d1]
/doc/Xilinx2024.2/Vivado/2024.1/lib/lnx64.o/libtcl8.6.so(TclNRRunCallbacks+0x47) [0x7f53aaa84497]
/doc/Xilinx2024.2/Vivado/2024.1/lib/lnx64.o/librdi_commontasks.so(+0x25c6d1) [0x7f539fa5c6d1]
/doc/Xilinx2024.2/Vivado/2024.1/lib/lnx64.o/libtcl8.6.so(TclNRRunCallbacks+0x47) [0x7f53aaa84497]
/doc/Xilinx2024.2/Vivado/2024.1/lib/lnx64.o/libtcl8.6.so(+0x45309) [0x7f53aaa86309]
/doc/Xilinx2024.2/Vivado/2024.1/lib/lnx64.o/libtcl8.6.so(Tcl_FSEvalFileEx+0x1f8) [0x7f53aab3bae8]
/doc/Xilinx2024.2/Vivado/2024.1/lib/lnx64.o/librdi_commontasks.so(+0x27c1d5) [0x7f539fa7c1d5]
/doc/Xilinx2024.2/Vivado/2024.1/lib/lnx64.o/librdi_common.so(+0xd85d9f) [0x7f53ac185d9f]
/doc/Xilinx2024.2/Vivado/2024.1/lib/lnx64.o/libtcl8.6.so(TclNRRunCallbacks+0x47) [0x7f53aaa84497]
/doc/Xilinx2024.2/Vivado/2024.1/lib/lnx64.o/libtcl8.6.so(+0x45309) [0x7f53aaa86309]
/doc/Xilinx2024.2/Vivado/2024.1/lib/lnx64.o/libtcl8.6.so(Tcl_FSEvalFileEx+0x1f8) [0x7f53aab3bae8]
/doc/Xilinx2024.2/Vivado/2024.1/lib/lnx64.o/librdi_commontasks.so(+0x27c1d5) [0x7f539fa7c1d5]
/doc/Xilinx2024.2/Vivado/2024.1/lib/lnx64.o/librdi_common.so(+0xd85d9f) [0x7f53ac185d9f]
/doc/Xilinx2024.2/Vivado/2024.1/lib/lnx64.o/libtcl8.6.so(TclNRRunCallbacks+0x47) [0x7f53aaa84497]
/doc/Xilinx2024.2/Vivado/2024.1/lib/lnx64.o/librdi_commontasks.so(+0x25c6d1) [0x7f539fa5c6d1]
/doc/Xilinx2024.2/Vivado/2024.1/lib/lnx64.o/libtcl8.6.so(TclNRRunCallbacks+0x47) [0x7f53aaa84497]
/doc/Xilinx2024.2/Vivado/2024.1/lib/lnx64.o/librdi_common.so(hdi::tcltasks::task_manager::eval_in_tcl(Tcl_Interp*, Tcl_Obj*, char const*, bool)+0x7ad) [0x7f53ac18415d]
/doc/Xilinx2024.2/Vivado/2024.1/lib/lnx64.o/librdi_synth.so(HARTSWorker::runInternal()+0xe5) [0x7f53723587a5]
/doc/Xilinx2024.2/Vivado/2024.1/lib/lnx64.o/librdi_synth.so(HARTSWorker::runJob(HARTSWorkerConfig&)+0x3f) [0x7f5372359f5f]
/doc/Xilinx2024.2/Vivado/2024.1/lib/lnx64.o/librdi_synth.so(HARTSWorker::mainLoop()+0x8b) [0x7f537235bc4b]
/doc/Xilinx2024.2/Vivado/2024.1/lib/lnx64.o/librdi_synth.so(HARTNDb::parallelListen(char const*, char const*, char const*)+0x39) [0x7f53716dece9]
/doc/Xilinx2024.2/Vivado/2024.1/lib/lnx64.o/librdi_synth.so(+0x14a4a74) [0x7f53718a4a74]
/doc/Xilinx2024.2/Vivado/2024.1/lib/lnx64.o/librdi_synth.so(+0x13623e5) [0x7f53717623e5]
/doc/Xilinx2024.2/Vivado/2024.1/lib/lnx64.o/libtcl8.6.so(TclNRRunCallbacks+0x47) [0x7f53aaa84497]
/doc/Xilinx2024.2/Vivado/2024.1/lib/lnx64.o/librdi_commontasks.so(+0x25c62e) [0x7f539fa5c62e]
/doc/Xilinx2024.2/Vivado/2024.1/lib/lnx64.o/libtcl8.6.so(TclNRRunCallbacks+0x47) [0x7f53aaa84497]
/doc/Xilinx2024.2/Vivado/2024.1/lib/lnx64.o/libtcl8.6.so(+0x45309) [0x7f53aaa86309]
/doc/Xilinx2024.2/Vivado/2024.1/lib/lnx64.o/libtcl8.6.so(Tcl_FSEvalFileEx+0x1f8) [0x7f53aab3bae8]
/doc/Xilinx2024.2/Vivado/2024.1/lib/lnx64.o/librdi_commontasks.so(+0x27c1d5) [0x7f539fa7c1d5]
/doc/Xilinx2024.2/Vivado/2024.1/lib/lnx64.o/librdi_common.so(+0xd85d9f) [0x7f53ac185d9f]
/doc/Xilinx2024.2/Vivado/2024.1/lib/lnx64.o/libtcl8.6.so(TclNRRunCallbacks+0x47) [0x7f53aaa84497]
/doc/Xilinx2024.2/Vivado/2024.1/lib/lnx64.o/librdi_commontasks.so(+0x2c4bad) [0x7f539fac4bad]
/doc/Xilinx2024.2/Vivado/2024.1/lib/lnx64.o/librdi_commontasks.so(+0x2c61df) [0x7f539fac61df]
/doc/Xilinx2024.2/Vivado/2024.1/lib/lnx64.o/librdi_common.so(+0xd85d9f) [0x7f53ac185d9f]
/doc/Xilinx2024.2/Vivado/2024.1/lib/lnx64.o/libtcl8.6.so(TclNRRunCallbacks+0x47) [0x7f53aaa84497]
/doc/Xilinx2024.2/Vivado/2024.1/lib/lnx64.o/librdi_commonmain.so(+0xe6d2) [0x7f53ad00e6d2]
/doc/Xilinx2024.2/Vivado/2024.1/lib/lnx64.o/libtcl8.6.so(Tcl_MainEx+0x1a8) [0x7f53aab43038]
/doc/Xilinx2024.2/Vivado/2024.1/lib/lnx64.o/librdi_common.so(+0xdaf42b) [0x7f53ac1af42b]
/lib/x86_64-linux-gnu/libc.so.6(+0x94b43) [0x7f53aa894b43]
/lib/x86_64-linux-gnu/libc.so.6(+0x126a00) [0x7f53aa926a00]
