#
# An unexpected error has occurred (11)
#
Stack:
/lib/x86_64-linux-gnu/libc.so.6(+0x42520) [0x7fcde1a42520]
/doc/Xilinx2024.2/Vivado/2024.1/lib/lnx64.o/librdi_synth.so(GXorGen::bestSoln(NTargetLib, NCostBucketType, int, bool, bool, unsigned long long*, TTime*)+0x246) [0x7fcda962b156]
/doc/Xilinx2024.2/Vivado/2024.1/lib/lnx64.o/librdi_synth.so(GSolns::init(NTargetLib, NCostBucketType)+0x71f) [0x7fcda962978f]
/doc/Xilinx2024.2/Vivado/2024.1/lib/lnx64.o/librdi_synth.so(GLogicBddToGate::generate(BDD const&, BDD const&, int, SPin*, SPin**, bool, bool, bool, bool)+0x37d) [0x7fcda96491cd]
/doc/Xilinx2024.2/Vivado/2024.1/lib/lnx64.o/librdi_synth.so(GFunc::GFunc(NBaseMod, BDD, BDD, int, SPin*, SPin**, UTrace const&, bool, bool, bool, bool)+0x303) [0x7fcda9688c03]
/doc/Xilinx2024.2/Vivado/2024.1/lib/lnx64.o/librdi_synth.so(GFuncVar::generate(NBaseMod, bool, SPin*, bool, int, bool)+0x211) [0x7fcda9689f01]
/doc/Xilinx2024.2/Vivado/2024.1/lib/lnx64.o/librdi_synth.so(GDpGen::implementProductTerms(DFNode*, bool, UList<SPinArray*, UListNode<SPinArray*>, SPinArray*, UEValue<SPinArray*, UListNode<SPinArray*> > >&, UHashMap<SPinPair, SPin, SPinPair, UEKey<SPinPair> >*)+0xb13) [0x7fcda95f0a53]
/doc/Xilinx2024.2/Vivado/2024.1/lib/lnx64.o/librdi_synth.so(GDpGen::implementMultiplier(DFNode*, bool)+0x4ab) [0x7fcda95f4dbb]
/doc/Xilinx2024.2/Vivado/2024.1/lib/lnx64.o/librdi_synth.so(HARTGDpGen::implementMultiplier(DFNode*, bool)+0x1b9) [0x7fcda8c693b9]
/doc/Xilinx2024.2/Vivado/2024.1/lib/lnx64.o/librdi_synth.so(GDpGen::implementBinary(DFNode*, bool)+0xdf) [0x7fcda95ef60f]
/doc/Xilinx2024.2/Vivado/2024.1/lib/lnx64.o/librdi_synth.so(GDpGen::implement(DFNode*, bool)+0x4e) [0x7fcda95ef7ae]
/doc/Xilinx2024.2/Vivado/2024.1/lib/lnx64.o/librdi_synth.so(GDpGen::connectNode(DFNode*)+0x13b) [0x7fcda95cd3db]
/doc/Xilinx2024.2/Vivado/2024.1/lib/lnx64.o/librdi_synth.so(HSynMod::connectInputPin(SPinArray*, DFPin*)+0x3a0) [0x7fcda9aae710]
/doc/Xilinx2024.2/Vivado/2024.1/lib/lnx64.o/librdi_synth.so(HSynMod::connectNets()+0x74) [0x7fcda9ab02a4]
/doc/Xilinx2024.2/Vivado/2024.1/lib/lnx64.o/librdi_synth.so(GDpGen::regenerate(bool, bool)+0x62) [0x7fcda95ccbc2]
/doc/Xilinx2024.2/Vivado/2024.1/lib/lnx64.o/librdi_synth.so(HARTGDpGen::regenerate(bool, bool)+0xa1) [0x7fcda8c66821]
/doc/Xilinx2024.2/Vivado/2024.1/lib/lnx64.o/librdi_synth.so(GDpGen::generate(bool)+0x42f) [0x7fcda95cd85f]
/doc/Xilinx2024.2/Vivado/2024.1/lib/lnx64.o/librdi_synth.so(GDp::GDp(NRealMod, DFGraph*, bool)+0x56) [0x7fcda9b92336]
/doc/Xilinx2024.2/Vivado/2024.1/lib/lnx64.o/librdi_synth.so(HSynMod::createNonModGraph(DFNode*, bool)+0xc84) [0x7fcda9a9f0c4]
/doc/Xilinx2024.2/Vivado/2024.1/lib/lnx64.o/librdi_synth.so(HSynMod::connectGraph(DFNode*)+0xa6) [0x7fcda9aafa26]
/doc/Xilinx2024.2/Vivado/2024.1/lib/lnx64.o/librdi_synth.so(HSynMod::connectInputPin(SPinArray*, DFPin*)+0x38b) [0x7fcda9aae6fb]
/doc/Xilinx2024.2/Vivado/2024.1/lib/lnx64.o/librdi_synth.so(HSynMod::connectNets()+0x74) [0x7fcda9ab02a4]
/doc/Xilinx2024.2/Vivado/2024.1/lib/lnx64.o/librdi_synth.so(HSynMod::regenerate(bool)+0x24) [0x7fcda9aa8e64]
/doc/Xilinx2024.2/Vivado/2024.1/lib/lnx64.o/librdi_synth.so(GSyn::generateFpga(NRealMod, bool)+0x4f2) [0x7fcda95c8792]
/doc/Xilinx2024.2/Vivado/2024.1/lib/lnx64.o/librdi_synth.so(GSyn::generate(NRealMod, bool)+0x283) [0x7fcda95c9133]
/doc/Xilinx2024.2/Vivado/2024.1/lib/lnx64.o/librdi_synth.so(NRealMod::regenerate(bool)+0x27) [0x7fcda95c93e7]
/doc/Xilinx2024.2/Vivado/2024.1/lib/lnx64.o/librdi_synth.so(HARTNDb::HARTMergeResynPartitionsR(NRealMod, HARTNDb::MergePhase, bool)+0x261c) [0x7fcda8881b0c]
/doc/Xilinx2024.2/Vivado/2024.1/lib/lnx64.o/librdi_synth.so(HARTNDb::HARTMergeResynPartitionsR(NRealMod, HARTNDb::MergePhase, bool)+0xee8) [0x7fcda88803d8]
/doc/Xilinx2024.2/Vivado/2024.1/lib/lnx64.o/librdi_synth.so(HARTNDb::HARTMergeResynPartitionsR(NRealMod, HARTNDb::MergePhase, bool)+0xee8) [0x7fcda88803d8]
/doc/Xilinx2024.2/Vivado/2024.1/lib/lnx64.o/librdi_synth.so(HARTNDb::HARTMergeResynPartitions(NRealMod, HARTNDb::MergePhase, bool)+0x180) [0x7fcda88829d0]
/doc/Xilinx2024.2/Vivado/2024.1/lib/lnx64.o/librdi_synth.so(HARTNDb::reSynthReInfer(bool)+0xe2) [0x7fcda8882bf2]
/doc/Xilinx2024.2/Vivado/2024.1/lib/lnx64.o/librdi_synth.so(+0x1419763) [0x7fcda8a19763]
/doc/Xilinx2024.2/Vivado/2024.1/lib/lnx64.o/librdi_synth.so(+0x13623e5) [0x7fcda89623e5]
/doc/Xilinx2024.2/Vivado/2024.1/lib/lnx64.o/libtcl8.6.so(TclNRRunCallbacks+0x47) [0x7fcde1c84497]
/doc/Xilinx2024.2/Vivado/2024.1/lib/lnx64.o/librdi_commontasks.so(+0x25c6d1) [0x7fcdd6c5c6d1]
/doc/Xilinx2024.2/Vivado/2024.1/lib/lnx64.o/libtcl8.6.so(TclNRRunCallbacks+0x47) [0x7fcde1c84497]
/doc/Xilinx2024.2/Vivado/2024.1/lib/lnx64.o/librdi_commontasks.so(+0x25c6d1) [0x7fcdd6c5c6d1]
/doc/Xilinx2024.2/Vivado/2024.1/lib/lnx64.o/libtcl8.6.so(TclNRRunCallbacks+0x47) [0x7fcde1c84497]
/doc/Xilinx2024.2/Vivado/2024.1/lib/lnx64.o/libtcl8.6.so(+0x45309) [0x7fcde1c86309]
/doc/Xilinx2024.2/Vivado/2024.1/lib/lnx64.o/libtcl8.6.so(Tcl_FSEvalFileEx+0x1f8) [0x7fcde1d3bae8]
/doc/Xilinx2024.2/Vivado/2024.1/lib/lnx64.o/librdi_commontasks.so(+0x27c1d5) [0x7fcdd6c7c1d5]
/doc/Xilinx2024.2/Vivado/2024.1/lib/lnx64.o/librdi_common.so(+0xd85d9f) [0x7fcde3385d9f]
/doc/Xilinx2024.2/Vivado/2024.1/lib/lnx64.o/libtcl8.6.so(TclNRRunCallbacks+0x47) [0x7fcde1c84497]
/doc/Xilinx2024.2/Vivado/2024.1/lib/lnx64.o/libtcl8.6.so(+0x45309) [0x7fcde1c86309]
/doc/Xilinx2024.2/Vivado/2024.1/lib/lnx64.o/libtcl8.6.so(Tcl_FSEvalFileEx+0x1f8) [0x7fcde1d3bae8]
/doc/Xilinx2024.2/Vivado/2024.1/lib/lnx64.o/librdi_commontasks.so(+0x27c1d5) [0x7fcdd6c7c1d5]
/doc/Xilinx2024.2/Vivado/2024.1/lib/lnx64.o/librdi_common.so(+0xd85d9f) [0x7fcde3385d9f]
/doc/Xilinx2024.2/Vivado/2024.1/lib/lnx64.o/libtcl8.6.so(TclNRRunCallbacks+0x47) [0x7fcde1c84497]
/doc/Xilinx2024.2/Vivado/2024.1/lib/lnx64.o/librdi_commontasks.so(+0x25c6d1) [0x7fcdd6c5c6d1]
/doc/Xilinx2024.2/Vivado/2024.1/lib/lnx64.o/libtcl8.6.so(TclNRRunCallbacks+0x47) [0x7fcde1c84497]
/doc/Xilinx2024.2/Vivado/2024.1/lib/lnx64.o/librdi_common.so(hdi::tcltasks::task_manager::eval_in_tcl(Tcl_Interp*, Tcl_Obj*, char const*, bool)+0x7ad) [0x7fcde338415d]
/doc/Xilinx2024.2/Vivado/2024.1/lib/lnx64.o/librdi_synth.so(HARTSWorker::runInternal()+0xe5) [0x7fcda95587a5]
/doc/Xilinx2024.2/Vivado/2024.1/lib/lnx64.o/librdi_synth.so(HARTSWorker::runJob(HARTSWorkerConfig&)+0x3f) [0x7fcda9559f5f]
/doc/Xilinx2024.2/Vivado/2024.1/lib/lnx64.o/librdi_synth.so(HARTSWorker::mainLoop()+0x8b) [0x7fcda955bc4b]
/doc/Xilinx2024.2/Vivado/2024.1/lib/lnx64.o/librdi_synth.so(HARTNDb::parallelListen(char const*, char const*, char const*)+0x39) [0x7fcda88dece9]
/doc/Xilinx2024.2/Vivado/2024.1/lib/lnx64.o/librdi_synth.so(+0x14a4a74) [0x7fcda8aa4a74]
/doc/Xilinx2024.2/Vivado/2024.1/lib/lnx64.o/librdi_synth.so(+0x13623e5) [0x7fcda89623e5]
/doc/Xilinx2024.2/Vivado/2024.1/lib/lnx64.o/libtcl8.6.so(TclNRRunCallbacks+0x47) [0x7fcde1c84497]
/doc/Xilinx2024.2/Vivado/2024.1/lib/lnx64.o/librdi_commontasks.so(+0x25c62e) [0x7fcdd6c5c62e]
/doc/Xilinx2024.2/Vivado/2024.1/lib/lnx64.o/libtcl8.6.so(TclNRRunCallbacks+0x47) [0x7fcde1c84497]
/doc/Xilinx2024.2/Vivado/2024.1/lib/lnx64.o/libtcl8.6.so(+0x45309) [0x7fcde1c86309]
/doc/Xilinx2024.2/Vivado/2024.1/lib/lnx64.o/libtcl8.6.so(Tcl_FSEvalFileEx+0x1f8) [0x7fcde1d3bae8]
/doc/Xilinx2024.2/Vivado/2024.1/lib/lnx64.o/librdi_commontasks.so(+0x27c1d5) [0x7fcdd6c7c1d5]
/doc/Xilinx2024.2/Vivado/2024.1/lib/lnx64.o/librdi_common.so(+0xd85d9f) [0x7fcde3385d9f]
/doc/Xilinx2024.2/Vivado/2024.1/lib/lnx64.o/libtcl8.6.so(TclNRRunCallbacks+0x47) [0x7fcde1c84497]
/doc/Xilinx2024.2/Vivado/2024.1/lib/lnx64.o/librdi_commontasks.so(+0x2c4bad) [0x7fcdd6cc4bad]
/doc/Xilinx2024.2/Vivado/2024.1/lib/lnx64.o/librdi_commontasks.so(+0x2c61df) [0x7fcdd6cc61df]
/doc/Xilinx2024.2/Vivado/2024.1/lib/lnx64.o/librdi_common.so(+0xd85d9f) [0x7fcde3385d9f]
/doc/Xilinx2024.2/Vivado/2024.1/lib/lnx64.o/libtcl8.6.so(TclNRRunCallbacks+0x47) [0x7fcde1c84497]
/doc/Xilinx2024.2/Vivado/2024.1/lib/lnx64.o/librdi_commonmain.so(+0xe6d2) [0x7fcde424b6d2]
/doc/Xilinx2024.2/Vivado/2024.1/lib/lnx64.o/libtcl8.6.so(Tcl_MainEx+0x1a8) [0x7fcde1d43038]
/doc/Xilinx2024.2/Vivado/2024.1/lib/lnx64.o/librdi_common.so(+0xdaf42b) [0x7fcde33af42b]
/lib/x86_64-linux-gnu/libc.so.6(+0x94b43) [0x7fcde1a94b43]
/lib/x86_64-linux-gnu/libc.so.6(+0x126a00) [0x7fcde1b26a00]
