#
# An unexpected error has occurred (11)
#
Stack:
/lib/x86_64-linux-gnu/libc.so.6(+0x42520) [0x7f3bd8e42520]
/doc/Xilinx2024.2/Vivado/2024.1/lib/lnx64.o/librdi_synth.so(DFPin::disconnect()+0xd) [0x7f3ba12154ed]
/doc/Xilinx2024.2/Vivado/2024.1/lib/lnx64.o/librdi_synth.so(+0x11607f9) [0x7f3b9fb607f9]
/doc/Xilinx2024.2/Vivado/2024.1/lib/lnx64.o/librdi_synth.so(HARTHOptPrepDsp::prepDspConnections(DFNode*)+0xc7) [0x7f3b9fb69c37]
/doc/Xilinx2024.2/Vivado/2024.1/lib/lnx64.o/librdi_synth.so(DFPin::travelTopDownIter(DFGraphTraverseFuncVoid&, UFlags<Option>, UHashList<DFEdge*, DFEdge*, UEKey<DFEdge*>, UHashListNode<DFEdge*>, DFEdge*>*, DFGraph*)+0x580) [0x7f3ba1218ae0]
/doc/Xilinx2024.2/Vivado/2024.1/lib/lnx64.o/librdi_synth.so(DFGraph::traverseTopDown(DFGraphTraverseFuncVoid&, UFlags<Option>, UHashList<DFEdge*, DFEdge*, UEKey<DFEdge*>, UHashListNode<DFEdge*>, DFEdge*>*, DFGraph*)+0xb9) [0x7f3ba11fd8e9]
/doc/Xilinx2024.2/Vivado/2024.1/lib/lnx64.o/librdi_synth.so(DFGraph::traverseTopDown(void (*)(DFNode*), UFlags<Option>, UHashList<DFEdge*, DFEdge*, UEKey<DFEdge*>, UHashListNode<DFEdge*>, DFEdge*>*, DFGraph*)+0x20) [0x7f3ba11fda10]
/doc/Xilinx2024.2/Vivado/2024.1/lib/lnx64.o/librdi_synth.so(HARTHOptPost::topDownPass(void (*)(DFNode*), std::__cxx11::basic_string<char, std::char_traits<char>, std::allocator<char> >, bool)+0x1e) [0x7f3b9fb360ce]
/doc/Xilinx2024.2/Vivado/2024.1/lib/lnx64.o/librdi_synth.so(HARTHOptPost::prepDsps()+0x753) [0x7f3b9fb36d63]
/doc/Xilinx2024.2/Vivado/2024.1/lib/lnx64.o/librdi_synth.so(HARTHOptPost::optimize()+0x1cf0) [0x7f3b9fb3a960]
/doc/Xilinx2024.2/Vivado/2024.1/lib/lnx64.o/librdi_synth.so(HARTHOptDfg::optCallbackPost(DFGraph*)+0x1f) [0x7f3ba030480f]
/doc/Xilinx2024.2/Vivado/2024.1/lib/lnx64.o/librdi_synth.so(HARTNDb::HARTReSynthReInfer(HOptRestructDfg&, NRealModC*, HARTNDb::MergePhase)+0x226) [0x7f3b9fc58346]
/doc/Xilinx2024.2/Vivado/2024.1/lib/lnx64.o/librdi_synth.so(HARTNDb::HARTMergeResynPartitionsR(NRealMod, HARTNDb::MergePhase, bool)+0x1d7f) [0x7f3b9fc8126f]
/doc/Xilinx2024.2/Vivado/2024.1/lib/lnx64.o/librdi_synth.so(HARTNDb::HARTMergeResynPartitionsR(NRealMod, HARTNDb::MergePhase, bool)+0xee8) [0x7f3b9fc803d8]
/doc/Xilinx2024.2/Vivado/2024.1/lib/lnx64.o/librdi_synth.so(HARTNDb::HARTMergeResynPartitions(NRealMod, HARTNDb::MergePhase, bool)+0x180) [0x7f3b9fc829d0]
/doc/Xilinx2024.2/Vivado/2024.1/lib/lnx64.o/librdi_synth.so(HARTNDb::reSynthReInfer(bool)+0xe2) [0x7f3b9fc82bf2]
/doc/Xilinx2024.2/Vivado/2024.1/lib/lnx64.o/librdi_synth.so(+0x1419763) [0x7f3b9fe19763]
/doc/Xilinx2024.2/Vivado/2024.1/lib/lnx64.o/librdi_synth.so(+0x13623e5) [0x7f3b9fd623e5]
/doc/Xilinx2024.2/Vivado/2024.1/lib/lnx64.o/libtcl8.6.so(TclNRRunCallbacks+0x47) [0x7f3bd9084497]
/doc/Xilinx2024.2/Vivado/2024.1/lib/lnx64.o/librdi_commontasks.so(+0x25c6d1) [0x7f3bce05c6d1]
/doc/Xilinx2024.2/Vivado/2024.1/lib/lnx64.o/libtcl8.6.so(TclNRRunCallbacks+0x47) [0x7f3bd9084497]
/doc/Xilinx2024.2/Vivado/2024.1/lib/lnx64.o/librdi_commontasks.so(+0x25c6d1) [0x7f3bce05c6d1]
/doc/Xilinx2024.2/Vivado/2024.1/lib/lnx64.o/libtcl8.6.so(TclNRRunCallbacks+0x47) [0x7f3bd9084497]
/doc/Xilinx2024.2/Vivado/2024.1/lib/lnx64.o/libtcl8.6.so(+0x45309) [0x7f3bd9086309]
/doc/Xilinx2024.2/Vivado/2024.1/lib/lnx64.o/libtcl8.6.so(Tcl_FSEvalFileEx+0x1f8) [0x7f3bd913bae8]
/doc/Xilinx2024.2/Vivado/2024.1/lib/lnx64.o/librdi_commontasks.so(+0x27c1d5) [0x7f3bce07c1d5]
/doc/Xilinx2024.2/Vivado/2024.1/lib/lnx64.o/librdi_common.so(+0xd85d9f) [0x7f3bda785d9f]
/doc/Xilinx2024.2/Vivado/2024.1/lib/lnx64.o/libtcl8.6.so(TclNRRunCallbacks+0x47) [0x7f3bd9084497]
/doc/Xilinx2024.2/Vivado/2024.1/lib/lnx64.o/libtcl8.6.so(+0x45309) [0x7f3bd9086309]
/doc/Xilinx2024.2/Vivado/2024.1/lib/lnx64.o/libtcl8.6.so(Tcl_FSEvalFileEx+0x1f8) [0x7f3bd913bae8]
/doc/Xilinx2024.2/Vivado/2024.1/lib/lnx64.o/librdi_commontasks.so(+0x27c1d5) [0x7f3bce07c1d5]
/doc/Xilinx2024.2/Vivado/2024.1/lib/lnx64.o/librdi_common.so(+0xd85d9f) [0x7f3bda785d9f]
/doc/Xilinx2024.2/Vivado/2024.1/lib/lnx64.o/libtcl8.6.so(TclNRRunCallbacks+0x47) [0x7f3bd9084497]
/doc/Xilinx2024.2/Vivado/2024.1/lib/lnx64.o/librdi_commontasks.so(+0x25c6d1) [0x7f3bce05c6d1]
/doc/Xilinx2024.2/Vivado/2024.1/lib/lnx64.o/libtcl8.6.so(TclNRRunCallbacks+0x47) [0x7f3bd9084497]
/doc/Xilinx2024.2/Vivado/2024.1/lib/lnx64.o/librdi_common.so(hdi::tcltasks::task_manager::eval_in_tcl(Tcl_Interp*, Tcl_Obj*, char const*, bool)+0x7ad) [0x7f3bda78415d]
/doc/Xilinx2024.2/Vivado/2024.1/lib/lnx64.o/librdi_synth.so(HARTSWorker::runInternal()+0xe5) [0x7f3ba09587a5]
/doc/Xilinx2024.2/Vivado/2024.1/lib/lnx64.o/librdi_synth.so(HARTSWorker::runJob(HARTSWorkerConfig&)+0x3f) [0x7f3ba0959f5f]
/doc/Xilinx2024.2/Vivado/2024.1/lib/lnx64.o/librdi_synth.so(HARTSWorker::mainLoop()+0x8b) [0x7f3ba095bc4b]
/doc/Xilinx2024.2/Vivado/2024.1/lib/lnx64.o/librdi_synth.so(HARTNDb::parallelListen(char const*, char const*, char const*)+0x39) [0x7f3b9fcdece9]
/doc/Xilinx2024.2/Vivado/2024.1/lib/lnx64.o/librdi_synth.so(+0x14a4a74) [0x7f3b9fea4a74]
/doc/Xilinx2024.2/Vivado/2024.1/lib/lnx64.o/librdi_synth.so(+0x13623e5) [0x7f3b9fd623e5]
/doc/Xilinx2024.2/Vivado/2024.1/lib/lnx64.o/libtcl8.6.so(TclNRRunCallbacks+0x47) [0x7f3bd9084497]
/doc/Xilinx2024.2/Vivado/2024.1/lib/lnx64.o/librdi_commontasks.so(+0x25c62e) [0x7f3bce05c62e]
/doc/Xilinx2024.2/Vivado/2024.1/lib/lnx64.o/libtcl8.6.so(TclNRRunCallbacks+0x47) [0x7f3bd9084497]
/doc/Xilinx2024.2/Vivado/2024.1/lib/lnx64.o/libtcl8.6.so(+0x45309) [0x7f3bd9086309]
/doc/Xilinx2024.2/Vivado/2024.1/lib/lnx64.o/libtcl8.6.so(Tcl_FSEvalFileEx+0x1f8) [0x7f3bd913bae8]
/doc/Xilinx2024.2/Vivado/2024.1/lib/lnx64.o/librdi_commontasks.so(+0x27c1d5) [0x7f3bce07c1d5]
/doc/Xilinx2024.2/Vivado/2024.1/lib/lnx64.o/librdi_common.so(+0xd85d9f) [0x7f3bda785d9f]
/doc/Xilinx2024.2/Vivado/2024.1/lib/lnx64.o/libtcl8.6.so(TclNRRunCallbacks+0x47) [0x7f3bd9084497]
/doc/Xilinx2024.2/Vivado/2024.1/lib/lnx64.o/librdi_commontasks.so(+0x2c4bad) [0x7f3bce0c4bad]
/doc/Xilinx2024.2/Vivado/2024.1/lib/lnx64.o/librdi_commontasks.so(+0x2c61df) [0x7f3bce0c61df]
/doc/Xilinx2024.2/Vivado/2024.1/lib/lnx64.o/librdi_common.so(+0xd85d9f) [0x7f3bda785d9f]
/doc/Xilinx2024.2/Vivado/2024.1/lib/lnx64.o/libtcl8.6.so(TclNRRunCallbacks+0x47) [0x7f3bd9084497]
/doc/Xilinx2024.2/Vivado/2024.1/lib/lnx64.o/librdi_commonmain.so(+0xe6d2) [0x7f3bdb69d6d2]
/doc/Xilinx2024.2/Vivado/2024.1/lib/lnx64.o/libtcl8.6.so(Tcl_MainEx+0x1a8) [0x7f3bd9143038]
/doc/Xilinx2024.2/Vivado/2024.1/lib/lnx64.o/librdi_common.so(+0xdaf42b) [0x7f3bda7af42b]
/lib/x86_64-linux-gnu/libc.so.6(+0x94b43) [0x7f3bd8e94b43]
/lib/x86_64-linux-gnu/libc.so.6(+0x126a00) [0x7f3bd8f26a00]
