#
# An unexpected error has occurred (11)
#
Stack:
/lib/x86_64-linux-gnu/libc.so.6(+0x42520) [0x7f714e242520]
/doc/Xilinx2024.2/Vivado/2024.1/lib/lnx64.o/librdi_synth.so(DFPin::disconnect()+0xd) [0x7f71166154ed]
/doc/Xilinx2024.2/Vivado/2024.1/lib/lnx64.o/librdi_synth.so(+0x11607f9) [0x7f7114f607f9]
/doc/Xilinx2024.2/Vivado/2024.1/lib/lnx64.o/librdi_synth.so(HARTHOptPrepDsp::prepDspConnections(DFNode*)+0xc7) [0x7f7114f69c37]
/doc/Xilinx2024.2/Vivado/2024.1/lib/lnx64.o/librdi_synth.so(DFPin::travelTopDownIter(DFGraphTraverseFuncVoid&, UFlags<Option>, UHashList<DFEdge*, DFEdge*, UEKey<DFEdge*>, UHashListNode<DFEdge*>, DFEdge*>*, DFGraph*)+0x580) [0x7f7116618ae0]
/doc/Xilinx2024.2/Vivado/2024.1/lib/lnx64.o/librdi_synth.so(DFGraph::traverseTopDown(DFGraphTraverseFuncVoid&, UFlags<Option>, UHashList<DFEdge*, DFEdge*, UEKey<DFEdge*>, UHashListNode<DFEdge*>, DFEdge*>*, DFGraph*)+0xb9) [0x7f71165fd8e9]
/doc/Xilinx2024.2/Vivado/2024.1/lib/lnx64.o/librdi_synth.so(DFGraph::traverseTopDown(void (*)(DFNode*), UFlags<Option>, UHashList<DFEdge*, DFEdge*, UEKey<DFEdge*>, UHashListNode<DFEdge*>, DFEdge*>*, DFGraph*)+0x20) [0x7f71165fda10]
/doc/Xilinx2024.2/Vivado/2024.1/lib/lnx64.o/librdi_synth.so(HARTHOptPost::topDownPass(void (*)(DFNode*), std::__cxx11::basic_string<char, std::char_traits<char>, std::allocator<char> >, bool)+0x1e) [0x7f7114f360ce]
/doc/Xilinx2024.2/Vivado/2024.1/lib/lnx64.o/librdi_synth.so(HARTHOptPost::prepDsps()+0x753) [0x7f7114f36d63]
/doc/Xilinx2024.2/Vivado/2024.1/lib/lnx64.o/librdi_synth.so(HARTHOptPost::optimize()+0x1cf0) [0x7f7114f3a960]
/doc/Xilinx2024.2/Vivado/2024.1/lib/lnx64.o/librdi_synth.so(HARTHOptDfg::optCallbackPost(DFGraph*)+0x1f) [0x7f711570480f]
/doc/Xilinx2024.2/Vivado/2024.1/lib/lnx64.o/librdi_synth.so(HARTNDb::HARTReSynthReInfer(HOptRestructDfg&, NRealModC*, HARTNDb::MergePhase)+0x226) [0x7f7115058346]
/doc/Xilinx2024.2/Vivado/2024.1/lib/lnx64.o/librdi_synth.so(HARTNDb::HARTMergeResynPartitionsR(NRealMod, HARTNDb::MergePhase, bool)+0x1d7f) [0x7f711508126f]
/doc/Xilinx2024.2/Vivado/2024.1/lib/lnx64.o/librdi_synth.so(HARTNDb::HARTMergeResynPartitionsR(NRealMod, HARTNDb::MergePhase, bool)+0xee8) [0x7f71150803d8]
/doc/Xilinx2024.2/Vivado/2024.1/lib/lnx64.o/librdi_synth.so(HARTNDb::HARTMergeResynPartitions(NRealMod, NRef, HARTNDb::MergePhase, bool)+0x109) [0x7f7115082429]
/doc/Xilinx2024.2/Vivado/2024.1/lib/lnx64.o/librdi_synth.so(HARTNDb::HARTMergeResynPartitions(NRealMod, HARTNDb::MergePhase, bool)+0x132) [0x7f7115082982]
/doc/Xilinx2024.2/Vivado/2024.1/lib/lnx64.o/librdi_synth.so(HARTNDb::reSynthReInfer(bool)+0xe2) [0x7f7115082bf2]
/doc/Xilinx2024.2/Vivado/2024.1/lib/lnx64.o/librdi_synth.so(+0x1419763) [0x7f7115219763]
/doc/Xilinx2024.2/Vivado/2024.1/lib/lnx64.o/librdi_synth.so(+0x13623e5) [0x7f71151623e5]
/doc/Xilinx2024.2/Vivado/2024.1/lib/lnx64.o/libtcl8.6.so(TclNRRunCallbacks+0x47) [0x7f714e484497]
/doc/Xilinx2024.2/Vivado/2024.1/lib/lnx64.o/librdi_commontasks.so(+0x25c6d1) [0x7f714345c6d1]
/doc/Xilinx2024.2/Vivado/2024.1/lib/lnx64.o/libtcl8.6.so(TclNRRunCallbacks+0x47) [0x7f714e484497]
/doc/Xilinx2024.2/Vivado/2024.1/lib/lnx64.o/librdi_common.so(hdi::tcltasks::task_manager::eval_in_tcl(Tcl_Interp*, Tcl_Obj*, char const*, bool)+0x7ad) [0x7f714fb8415d]
/doc/Xilinx2024.2/Vivado/2024.1/lib/lnx64.o/librdi_common.so(hdi::tcltasks::task_manager::eval_in_tcl(Tcl_Interp*, char const*, char const*, bool)+0xda) [0x7f714fb847aa]
/doc/Xilinx2024.2/Vivado/2024.1/lib/lnx64.o/librdi_synth.so(HARTNDb::processGenomesSequentially(bool, char const*, char const*)+0xbce) [0x7f71150e859e]
/doc/Xilinx2024.2/Vivado/2024.1/lib/lnx64.o/librdi_synth.so(+0x1400008) [0x7f7115200008]
/doc/Xilinx2024.2/Vivado/2024.1/lib/lnx64.o/librdi_synth.so(+0x13623e5) [0x7f71151623e5]
/doc/Xilinx2024.2/Vivado/2024.1/lib/lnx64.o/libtcl8.6.so(TclNRRunCallbacks+0x47) [0x7f714e484497]
/doc/Xilinx2024.2/Vivado/2024.1/lib/lnx64.o/librdi_commontasks.so(+0x25c6d1) [0x7f714345c6d1]
/doc/Xilinx2024.2/Vivado/2024.1/lib/lnx64.o/libtcl8.6.so(TclNRRunCallbacks+0x47) [0x7f714e484497]
/doc/Xilinx2024.2/Vivado/2024.1/lib/lnx64.o/librdi_commontasks.so(+0x25c6d1) [0x7f714345c6d1]
/doc/Xilinx2024.2/Vivado/2024.1/lib/lnx64.o/libtcl8.6.so(TclNRRunCallbacks+0x47) [0x7f714e484497]
/doc/Xilinx2024.2/Vivado/2024.1/lib/lnx64.o/libtcl8.6.so(+0x45309) [0x7f714e486309]
/doc/Xilinx2024.2/Vivado/2024.1/lib/lnx64.o/libtcl8.6.so(Tcl_FSEvalFileEx+0x1f8) [0x7f714e53bae8]
/doc/Xilinx2024.2/Vivado/2024.1/lib/lnx64.o/librdi_commontasks.so(+0x27c1d5) [0x7f714347c1d5]
/doc/Xilinx2024.2/Vivado/2024.1/lib/lnx64.o/librdi_common.so(+0xd85d9f) [0x7f714fb85d9f]
/doc/Xilinx2024.2/Vivado/2024.1/lib/lnx64.o/libtcl8.6.so(TclNRRunCallbacks+0x47) [0x7f714e484497]
/doc/Xilinx2024.2/Vivado/2024.1/lib/lnx64.o/librdi_commontasks.so(+0x25c62e) [0x7f714345c62e]
/doc/Xilinx2024.2/Vivado/2024.1/lib/lnx64.o/libtcl8.6.so(TclNRRunCallbacks+0x47) [0x7f714e484497]
/doc/Xilinx2024.2/Vivado/2024.1/lib/lnx64.o/libtcl8.6.so(+0x45309) [0x7f714e486309]
/doc/Xilinx2024.2/Vivado/2024.1/lib/lnx64.o/libtcl8.6.so(TclSubstTokens+0x4a9) [0x7f714e54ed59]
/doc/Xilinx2024.2/Vivado/2024.1/lib/lnx64.o/libtcl8.6.so(+0x45153) [0x7f714e486153]
/doc/Xilinx2024.2/Vivado/2024.1/lib/lnx64.o/libtcl8.6.so(Tcl_FSEvalFileEx+0x1f8) [0x7f714e53bae8]
/doc/Xilinx2024.2/Vivado/2024.1/lib/lnx64.o/librdi_commontasks.so(+0x27c1d5) [0x7f714347c1d5]
/doc/Xilinx2024.2/Vivado/2024.1/lib/lnx64.o/librdi_common.so(+0xd85d9f) [0x7f714fb85d9f]
/doc/Xilinx2024.2/Vivado/2024.1/lib/lnx64.o/libtcl8.6.so(TclNRRunCallbacks+0x47) [0x7f714e484497]
/doc/Xilinx2024.2/Vivado/2024.1/lib/lnx64.o/librdi_common.so(hdi::tcltasks::task_manager::eval_in_tcl(Tcl_Interp*, Tcl_Obj*, char const*, bool)+0x7ad) [0x7f714fb8415d]
/doc/Xilinx2024.2/Vivado/2024.1/lib/lnx64.o/librdi_designutils.so(HRTInvoker::inProcessLaunch(HDGUIStatus&)+0x310) [0x7f7138749680]
/doc/Xilinx2024.2/Vivado/2024.1/lib/lnx64.o/librdi_designutils.so(HRTInvoker::launch(HDGUIStatus&)+0x33) [0x7f7138749c33]
/doc/Xilinx2024.2/Vivado/2024.1/lib/lnx64.o/librdi_vivadotasks.so(+0x78d6dc) [0x7f710e98d6dc]
/doc/Xilinx2024.2/Vivado/2024.1/lib/lnx64.o/librdi_vivadotasks.so(+0x797063) [0x7f710e997063]
/doc/Xilinx2024.2/Vivado/2024.1/lib/lnx64.o/librdi_common.so(+0xd85d9f) [0x7f714fb85d9f]
/doc/Xilinx2024.2/Vivado/2024.1/lib/lnx64.o/libtcl8.6.so(TclNRRunCallbacks+0x47) [0x7f714e484497]
/doc/Xilinx2024.2/Vivado/2024.1/lib/lnx64.o/libtcl8.6.so(+0x45309) [0x7f714e486309]
/doc/Xilinx2024.2/Vivado/2024.1/lib/lnx64.o/libtcl8.6.so(Tcl_FSEvalFileEx+0x1f8) [0x7f714e53bae8]
/doc/Xilinx2024.2/Vivado/2024.1/lib/lnx64.o/librdi_commontasks.so(+0x27c1d5) [0x7f714347c1d5]
/doc/Xilinx2024.2/Vivado/2024.1/lib/lnx64.o/librdi_common.so(+0xd85d9f) [0x7f714fb85d9f]
/doc/Xilinx2024.2/Vivado/2024.1/lib/lnx64.o/libtcl8.6.so(TclNRRunCallbacks+0x47) [0x7f714e484497]
/doc/Xilinx2024.2/Vivado/2024.1/lib/lnx64.o/librdi_commontasks.so(+0x2c4bad) [0x7f71434c4bad]
/doc/Xilinx2024.2/Vivado/2024.1/lib/lnx64.o/librdi_commontasks.so(+0x2c61df) [0x7f71434c61df]
/doc/Xilinx2024.2/Vivado/2024.1/lib/lnx64.o/librdi_common.so(+0xd85d9f) [0x7f714fb85d9f]
/doc/Xilinx2024.2/Vivado/2024.1/lib/lnx64.o/libtcl8.6.so(TclNRRunCallbacks+0x47) [0x7f714e484497]
/doc/Xilinx2024.2/Vivado/2024.1/lib/lnx64.o/librdi_commonmain.so(+0xe6d2) [0x7f7150ae96d2]
/doc/Xilinx2024.2/Vivado/2024.1/lib/lnx64.o/libtcl8.6.so(Tcl_MainEx+0x1a8) [0x7f714e543038]
/doc/Xilinx2024.2/Vivado/2024.1/lib/lnx64.o/librdi_common.so(+0xdaf42b) [0x7f714fbaf42b]
/lib/x86_64-linux-gnu/libc.so.6(+0x94b43) [0x7f714e294b43]
/lib/x86_64-linux-gnu/libc.so.6(+0x126a00) [0x7f714e326a00]
