#
# An unexpected error has occurred (11)
#
Stack:
/lib/x86_64-linux-gnu/libc.so.6(+0x42520) [0x7fd626242520]
/doc/Xilinx2024.2/Vivado/2024.1/lib/lnx64.o/librdi_synth.so(DFPin::disconnect()+0xd) [0x7fd5ee6154ed]
/doc/Xilinx2024.2/Vivado/2024.1/lib/lnx64.o/librdi_synth.so(+0x11607f9) [0x7fd5ecf607f9]
/doc/Xilinx2024.2/Vivado/2024.1/lib/lnx64.o/librdi_synth.so(HARTHOptPrepDsp::prepDspConnections(DFNode*)+0xc7) [0x7fd5ecf69c37]
/doc/Xilinx2024.2/Vivado/2024.1/lib/lnx64.o/librdi_synth.so(DFPin::travelTopDownIter(DFGraphTraverseFuncVoid&, UFlags<Option>, UHashList<DFEdge*, DFEdge*, UEKey<DFEdge*>, UHashListNode<DFEdge*>, DFEdge*>*, DFGraph*)+0x580) [0x7fd5ee618ae0]
/doc/Xilinx2024.2/Vivado/2024.1/lib/lnx64.o/librdi_synth.so(DFGraph::traverseTopDown(DFGraphTraverseFuncVoid&, UFlags<Option>, UHashList<DFEdge*, DFEdge*, UEKey<DFEdge*>, UHashListNode<DFEdge*>, DFEdge*>*, DFGraph*)+0xb9) [0x7fd5ee5fd8e9]
/doc/Xilinx2024.2/Vivado/2024.1/lib/lnx64.o/librdi_synth.so(DFGraph::traverseTopDown(void (*)(DFNode*), UFlags<Option>, UHashList<DFEdge*, DFEdge*, UEKey<DFEdge*>, UHashListNode<DFEdge*>, DFEdge*>*, DFGraph*)+0x20) [0x7fd5ee5fda10]
/doc/Xilinx2024.2/Vivado/2024.1/lib/lnx64.o/librdi_synth.so(HARTHOptPost::topDownPass(void (*)(DFNode*), std::__cxx11::basic_string<char, std::char_traits<char>, std::allocator<char> >, bool)+0x1e) [0x7fd5ecf360ce]
/doc/Xilinx2024.2/Vivado/2024.1/lib/lnx64.o/librdi_synth.so(HARTHOptPost::prepDsps()+0x753) [0x7fd5ecf36d63]
/doc/Xilinx2024.2/Vivado/2024.1/lib/lnx64.o/librdi_synth.so(HARTHOptPost::optimize()+0x1cf0) [0x7fd5ecf3a960]
/doc/Xilinx2024.2/Vivado/2024.1/lib/lnx64.o/librdi_synth.so(HARTHOptDfg::optCallbackPost(DFGraph*)+0x1f) [0x7fd5ed70480f]
/doc/Xilinx2024.2/Vivado/2024.1/lib/lnx64.o/librdi_synth.so(HARTNDb::HARTReSynthReInfer(HOptRestructDfg&, NRealModC*, HARTNDb::MergePhase)+0x226) [0x7fd5ed058346]
/doc/Xilinx2024.2/Vivado/2024.1/lib/lnx64.o/librdi_synth.so(HARTNDb::HARTMergeResynPartitionsR(NRealMod, HARTNDb::MergePhase, bool)+0x1d7f) [0x7fd5ed08126f]
/doc/Xilinx2024.2/Vivado/2024.1/lib/lnx64.o/librdi_synth.so(HARTNDb::HARTMergeResynPartitionsR(NRealMod, HARTNDb::MergePhase, bool)+0xee8) [0x7fd5ed0803d8]
/doc/Xilinx2024.2/Vivado/2024.1/lib/lnx64.o/librdi_synth.so(HARTNDb::HARTMergeResynPartitionsR(NRealMod, HARTNDb::MergePhase, bool)+0xee8) [0x7fd5ed0803d8]
/doc/Xilinx2024.2/Vivado/2024.1/lib/lnx64.o/librdi_synth.so(HARTNDb::HARTMergeResynPartitions(NRealMod, HARTNDb::MergePhase, bool)+0x180) [0x7fd5ed0829d0]
/doc/Xilinx2024.2/Vivado/2024.1/lib/lnx64.o/librdi_synth.so(HARTNDb::reSynthReInfer(bool)+0xe2) [0x7fd5ed082bf2]
/doc/Xilinx2024.2/Vivado/2024.1/lib/lnx64.o/librdi_synth.so(+0x1419763) [0x7fd5ed219763]
/doc/Xilinx2024.2/Vivado/2024.1/lib/lnx64.o/librdi_synth.so(+0x13623e5) [0x7fd5ed1623e5]
/doc/Xilinx2024.2/Vivado/2024.1/lib/lnx64.o/libtcl8.6.so(TclNRRunCallbacks+0x47) [0x7fd626884497]
/doc/Xilinx2024.2/Vivado/2024.1/lib/lnx64.o/librdi_commontasks.so(+0x25c6d1) [0x7fd61b45c6d1]
/doc/Xilinx2024.2/Vivado/2024.1/lib/lnx64.o/libtcl8.6.so(TclNRRunCallbacks+0x47) [0x7fd626884497]
/doc/Xilinx2024.2/Vivado/2024.1/lib/lnx64.o/librdi_commontasks.so(+0x25c6d1) [0x7fd61b45c6d1]
/doc/Xilinx2024.2/Vivado/2024.1/lib/lnx64.o/libtcl8.6.so(TclNRRunCallbacks+0x47) [0x7fd626884497]
/doc/Xilinx2024.2/Vivado/2024.1/lib/lnx64.o/libtcl8.6.so(+0x45309) [0x7fd626886309]
/doc/Xilinx2024.2/Vivado/2024.1/lib/lnx64.o/libtcl8.6.so(Tcl_FSEvalFileEx+0x1f8) [0x7fd62693bae8]
/doc/Xilinx2024.2/Vivado/2024.1/lib/lnx64.o/librdi_commontasks.so(+0x27c1d5) [0x7fd61b47c1d5]
/doc/Xilinx2024.2/Vivado/2024.1/lib/lnx64.o/librdi_common.so(+0xd85d9f) [0x7fd627b85d9f]
/doc/Xilinx2024.2/Vivado/2024.1/lib/lnx64.o/libtcl8.6.so(TclNRRunCallbacks+0x47) [0x7fd626884497]
/doc/Xilinx2024.2/Vivado/2024.1/lib/lnx64.o/libtcl8.6.so(+0x45309) [0x7fd626886309]
/doc/Xilinx2024.2/Vivado/2024.1/lib/lnx64.o/libtcl8.6.so(Tcl_FSEvalFileEx+0x1f8) [0x7fd62693bae8]
/doc/Xilinx2024.2/Vivado/2024.1/lib/lnx64.o/librdi_commontasks.so(+0x27c1d5) [0x7fd61b47c1d5]
/doc/Xilinx2024.2/Vivado/2024.1/lib/lnx64.o/librdi_common.so(+0xd85d9f) [0x7fd627b85d9f]
/doc/Xilinx2024.2/Vivado/2024.1/lib/lnx64.o/libtcl8.6.so(TclNRRunCallbacks+0x47) [0x7fd626884497]
/doc/Xilinx2024.2/Vivado/2024.1/lib/lnx64.o/librdi_commontasks.so(+0x25c6d1) [0x7fd61b45c6d1]
/doc/Xilinx2024.2/Vivado/2024.1/lib/lnx64.o/libtcl8.6.so(TclNRRunCallbacks+0x47) [0x7fd626884497]
/doc/Xilinx2024.2/Vivado/2024.1/lib/lnx64.o/librdi_common.so(hdi::tcltasks::task_manager::eval_in_tcl(Tcl_Interp*, Tcl_Obj*, char const*, bool)+0x7ad) [0x7fd627b8415d]
/doc/Xilinx2024.2/Vivado/2024.1/lib/lnx64.o/librdi_synth.so(HARTSWorker::runInternal()+0xe5) [0x7fd5edd587a5]
/doc/Xilinx2024.2/Vivado/2024.1/lib/lnx64.o/librdi_synth.so(HARTSWorker::runJob(HARTSWorkerConfig&)+0x3f) [0x7fd5edd59f5f]
/doc/Xilinx2024.2/Vivado/2024.1/lib/lnx64.o/librdi_synth.so(HARTSWorker::mainLoop()+0x8b) [0x7fd5edd5bc4b]
/doc/Xilinx2024.2/Vivado/2024.1/lib/lnx64.o/librdi_synth.so(HARTNDb::parallelListen(char const*, char const*, char const*)+0x39) [0x7fd5ed0dece9]
/doc/Xilinx2024.2/Vivado/2024.1/lib/lnx64.o/librdi_synth.so(+0x14a4a74) [0x7fd5ed2a4a74]
/doc/Xilinx2024.2/Vivado/2024.1/lib/lnx64.o/librdi_synth.so(+0x13623e5) [0x7fd5ed1623e5]
/doc/Xilinx2024.2/Vivado/2024.1/lib/lnx64.o/libtcl8.6.so(TclNRRunCallbacks+0x47) [0x7fd626884497]
/doc/Xilinx2024.2/Vivado/2024.1/lib/lnx64.o/librdi_commontasks.so(+0x25c62e) [0x7fd61b45c62e]
/doc/Xilinx2024.2/Vivado/2024.1/lib/lnx64.o/libtcl8.6.so(TclNRRunCallbacks+0x47) [0x7fd626884497]
/doc/Xilinx2024.2/Vivado/2024.1/lib/lnx64.o/libtcl8.6.so(+0x45309) [0x7fd626886309]
/doc/Xilinx2024.2/Vivado/2024.1/lib/lnx64.o/libtcl8.6.so(Tcl_FSEvalFileEx+0x1f8) [0x7fd62693bae8]
/doc/Xilinx2024.2/Vivado/2024.1/lib/lnx64.o/librdi_commontasks.so(+0x27c1d5) [0x7fd61b47c1d5]
/doc/Xilinx2024.2/Vivado/2024.1/lib/lnx64.o/librdi_common.so(+0xd85d9f) [0x7fd627b85d9f]
/doc/Xilinx2024.2/Vivado/2024.1/lib/lnx64.o/libtcl8.6.so(TclNRRunCallbacks+0x47) [0x7fd626884497]
/doc/Xilinx2024.2/Vivado/2024.1/lib/lnx64.o/librdi_commontasks.so(+0x2c4bad) [0x7fd61b4c4bad]
/doc/Xilinx2024.2/Vivado/2024.1/lib/lnx64.o/librdi_commontasks.so(+0x2c61df) [0x7fd61b4c61df]
/doc/Xilinx2024.2/Vivado/2024.1/lib/lnx64.o/librdi_common.so(+0xd85d9f) [0x7fd627b85d9f]
/doc/Xilinx2024.2/Vivado/2024.1/lib/lnx64.o/libtcl8.6.so(TclNRRunCallbacks+0x47) [0x7fd626884497]
/doc/Xilinx2024.2/Vivado/2024.1/lib/lnx64.o/librdi_commonmain.so(+0xe6d2) [0x7fd628bd66d2]
/doc/Xilinx2024.2/Vivado/2024.1/lib/lnx64.o/libtcl8.6.so(Tcl_MainEx+0x1a8) [0x7fd626943038]
/doc/Xilinx2024.2/Vivado/2024.1/lib/lnx64.o/librdi_common.so(+0xdaf42b) [0x7fd627baf42b]
/lib/x86_64-linux-gnu/libc.so.6(+0x94b43) [0x7fd626294b43]
/lib/x86_64-linux-gnu/libc.so.6(+0x126a00) [0x7fd626326a00]
